<?xml version="1.0" encoding="UTF-8"?>
<!-- Generated by org.testng.reporters.JUnitReportReporter -->
<testsuite skipped="0" hostname="ZuCxX" name="TestFiles.TestCase1" tests="1" failures="0" timestamp="02 Jun 2021 17:57:16 GMT" time="26.423" errors="0">
  <testcase name="Hello" time="26.423" classname="TestFiles.TestCase1"/>
</testsuite> <!-- TestFiles.TestCase1 -->
