<?xml version="1.0" encoding="UTF-8"?>
<!-- Generated by org.testng.reporters.JUnitReportReporter -->
<testsuite skipped="0" hostname="ZuCxX" name="TestFiles.TestCase1" tests="1" failures="0" timestamp="02 Jun 2021 19:28:53 GMT" time="25.438" errors="0">
  <testcase name="Hello" time="25.438" classname="TestFiles.TestCase1"/>
</testsuite> <!-- TestFiles.TestCase1 -->
